Using pre-set license
Built from '2020.2/staging' branch; Version is '2020.2.3f1 (8ff31bc5bf5b) revision 9433883'; Using compiler version '192528614'; Build Type 'Release'
OS: 'Windows 10 Pro; OS build 19041.804; Version 2004; 64bit' Language: 'da' Physical Memory: 24532 MB
BatchMode: 1, IsHumanControllingUs: 0, StartBugReporterOnCrash: 0, Is64bit: 1, IsPro: 0

 COMMAND LINE ARGUMENTS:
C:\Program Files\Unity\2020.2.3f1\Editor\Unity.exe
-adb2
-batchMode
-noUpm
-name
AssetImportWorker0
-projectPath
D:/Unity Projects/GameHandin2/GameHandin2
-logFile
Logs/AssetImportWorker0.log
-srvPort
58307
Successfully changed project path to: D:/Unity Projects/GameHandin2/GameHandin2
D:/Unity Projects/GameHandin2/GameHandin2
Using Asset Import Pipeline V2.
Refreshing native plugins compatible for Editor in 27.68 ms, found 0 plugins.
Preloading 0 native plugins for Editor in 0.00 ms.
Initialize engine version: 2020.2.3f1 (8ff31bc5bf5b)
[Subsystems] Discovering subsystems at path C:/Program Files/Unity/2020.2.3f1/Editor/Data/Resources/UnitySubsystems
[Subsystems] Discovering subsystems at path D:/Unity Projects/GameHandin2/GameHandin2/Assets
GfxDevice: creating device client; threaded=0
Direct3D:
    Version:  Direct3D 11.0 [level 11.1]
    Renderer: NVIDIA GeForce GTX 1070 (ID=0x1be1)
    Vendor:   
    VRAM:     8082 MB
    Driver:   25.21.14.1771
Initialize mono
Mono path[0] = 'C:/Program Files/Unity/2020.2.3f1/Editor/Data/Managed'
Mono path[1] = 'C:/Program Files/Unity/2020.2.3f1/Editor/Data/MonoBleedingEdge/lib/mono/unityjit'
Mono config path = 'C:/Program Files/Unity/2020.2.3f1/Editor/Data/MonoBleedingEdge/etc'
Using monoOptions --debugger-agent=transport=dt_socket,embedding=1,server=y,suspend=n,address=127.0.0.1:56732
Begin MonoManager ReloadAssembly
Registering precompiled unity dll's ...
Register platform support module: C:/Program Files/Unity/2020.2.3f1/Editor/Data/PlaybackEngines/WindowsStandaloneSupport/UnityEditor.WindowsStandalone.Extensions.dll
Registered in 0.003058 seconds.
Native extension for WindowsStandalone target not found
Refreshing native plugins compatible for Editor in 28.49 ms, found 0 plugins.
Preloading 0 native plugins for Editor in 0.00 ms.
Invoked RoslynAnalysisRunner static constructor.
RoslynAnalysisRunner will not be running.
RoslynAnalysisRunner has terminated.
Mono: successfully reloaded assembly
- Completed reload, in  1.314 seconds
Platform modules already initialized, skipping
Registering precompiled user dll's ...
Registered in 0.000629 seconds.
Begin MonoManager ReloadAssembly
Native extension for WindowsStandalone target not found
Refreshing native plugins compatible for Editor in 0.28 ms, found 0 plugins.
Preloading 0 native plugins for Editor in 0.00 ms.
Invoked RoslynAnalysisRunner static constructor.
RoslynAnalysisRunner will not be running.
RoslynAnalysisRunner has terminated.
Mono: successfully reloaded assembly
- Completed reload, in  0.979 seconds
Platform modules already initialized, skipping
========================================================================
Worker process is ready to serve import requests
Launched and connected shader compiler UnityShaderCompiler.exe after 0.05 seconds
Refreshing native plugins compatible for Editor in 0.33 ms, found 0 plugins.
Preloading 0 native plugins for Editor in 0.00 ms.
Unloading 1119 Unused Serialized files (Serialized files now loaded: 0)
System memory in use before: 69.6 MB.
System memory in use after: 69.7 MB.

Unloading 10 unused Assets to reduce memory usage. Loaded Objects now: 1580.
Total: 1.985100 ms (FindLiveObjects: 0.131200 ms CreateObjectMapping: 0.045800 ms MarkObjects: 1.677900 ms  DeleteObjects: 0.129400 ms)

========================================================================
Received Import Request.
  path: Assets/Mountain Terrain/Prefab/NewBrush.brush
  artifactKey: Guid(9ad584615f3a9a34380223858aad5fc0) Importer(815301076,1909f56bfc062723c751e8b465ee728b)
Start importing Assets/Mountain Terrain/Prefab/NewBrush.brush using Guid(9ad584615f3a9a34380223858aad5fc0) Importer(815301076,1909f56bfc062723c751e8b465ee728b)  -> (artifact id: 'cf9a9aca3df8559f0f216b012b5e672c') in 0.100343 seconds
  Import took 0.102417 seconds .

========================================================================
Received Import Request.
  Time since last request: 663.292434 seconds.
  path: Assets/Mountain Terrain/Prefab/NewLayer 1.terrainlayer
  artifactKey: Guid(5bcb2dfa346310d499991194f13e1c44) Importer(815301076,1909f56bfc062723c751e8b465ee728b)
Start importing Assets/Mountain Terrain/Prefab/NewLayer 1.terrainlayer using Guid(5bcb2dfa346310d499991194f13e1c44) Importer(815301076,1909f56bfc062723c751e8b465ee728b)  -> (artifact id: '129477e62cb887b0b1bad98b3312f006') in 0.040455 seconds
  Import took 0.043485 seconds .

========================================================================
Received Import Request.
  Time since last request: 0.000287 seconds.
  path: Assets/Mountain Terrain/Prefab/NewLayer.terrainlayer
  artifactKey: Guid(e99239950ee080a42a63dfb249a47bac) Importer(815301076,1909f56bfc062723c751e8b465ee728b)
Start importing Assets/Mountain Terrain/Prefab/NewLayer.terrainlayer using Guid(e99239950ee080a42a63dfb249a47bac) Importer(815301076,1909f56bfc062723c751e8b465ee728b)  -> (artifact id: '411df02f04ecb50bcee238852e294599') in 0.021445 seconds
  Import took 0.024131 seconds .

========================================================================
Received Prepare
Registering precompiled user dll's ...
Registered in 0.000728 seconds.
Begin MonoManager ReloadAssembly
Native extension for WindowsStandalone target not found
Refreshing native plugins compatible for Editor in 0.23 ms, found 0 plugins.
Preloading 0 native plugins for Editor in 0.00 ms.
Invoked RoslynAnalysisRunner static constructor.
RoslynAnalysisRunner will not be running.
RoslynAnalysisRunner has terminated.
Mono: successfully reloaded assembly
- Completed reload, in  0.865 seconds
Platform modules already initialized, skipping
Refreshing native plugins compatible for Editor in 0.24 ms, found 0 plugins.
Preloading 0 native plugins for Editor in 0.00 ms.
Unloading 1112 Unused Serialized files (Serialized files now loaded: 0)
System memory in use before: 72.5 MB.
System memory in use after: 72.6 MB.

Unloading 5 unused Assets to reduce memory usage. Loaded Objects now: 1590.
Total: 2.178900 ms (FindLiveObjects: 0.356000 ms CreateObjectMapping: 0.077300 ms MarkObjects: 1.628700 ms  DeleteObjects: 0.115300 ms)

AssetImportWorkerClient::OnTransportError - code=2 error=End of file
